<?xml version="1.0" encoding="UTF-8"?>
<!-- Generated by org.testng.reporters.JUnitReportReporter -->
<testsuite skipped="0" hostname="WLE19JV4" name="script.Test1" tests="1" failures="0" timestamp="09 Mar 2022 03:20:52 GMT" time="25.664" errors="0">
  <testcase name="testA" time="25.664" classname="script.Test1"/>
</testsuite> <!-- script.Test1 -->
