<?xml version="1.0" encoding="UTF-8"?>
<!-- Generated by org.testng.reporters.JUnitReportReporter -->
<testsuite skipped="0" hostname="WLE19JV4" name="script.Test1" tests="1" failures="0" timestamp="04 Mar 2022 02:55:25 GMT" time="16.126" errors="0">
  <testcase name="testA" time="16.126" classname="script.Test1"/>
</testsuite> <!-- script.Test1 -->
